Determining if the pthread_create exist failed with the following output:
Change Dir: /home/aphilippi/Programmation/C/Mastermind/build/CMakeFiles/CMakeTmp

Run Build Command:"/usr/bin/gmake" "cmTC_045d5/fast"
/usr/bin/gmake -f CMakeFiles/cmTC_045d5.dir/build.make CMakeFiles/cmTC_045d5.dir/build
gmake[1]: Entering directory '/home/aphilippi/Programmation/C/Mastermind/build/CMakeFiles/CMakeTmp'
Building C object CMakeFiles/cmTC_045d5.dir/CheckSymbolExists.c.o
/usr/bin/cc    -o CMakeFiles/cmTC_045d5.dir/CheckSymbolExists.c.o   -c /home/aphilippi/Programmation/C/Mastermind/build/CMakeFiles/CMakeTmp/CheckSymbolExists.c
Linking C executable cmTC_045d5
/usr/bin/cmake -E cmake_link_script CMakeFiles/cmTC_045d5.dir/link.txt --verbose=1
/usr/bin/cc       CMakeFiles/cmTC_045d5.dir/CheckSymbolExists.c.o  -o cmTC_045d5 -rdynamic 
CMakeFiles/cmTC_045d5.dir/CheckSymbolExists.c.o: dans la fonction « main »:
CheckSymbolExists.c:(.text+0x16): référence indéfinie vers « pthread_create »
collect2: erreur: ld a retourné 1 code d'état d'exécution
CMakeFiles/cmTC_045d5.dir/build.make:97: recipe for target 'cmTC_045d5' failed
gmake[1]: Leaving directory '/home/aphilippi/Programmation/C/Mastermind/build/CMakeFiles/CMakeTmp'
gmake[1]: *** [cmTC_045d5] Error 1
Makefile:126: recipe for target 'cmTC_045d5/fast' failed
gmake: *** [cmTC_045d5/fast] Error 2

File /home/aphilippi/Programmation/C/Mastermind/build/CMakeFiles/CMakeTmp/CheckSymbolExists.c:
/* */
#include <pthread.h>

int main(int argc, char** argv)
{
  (void)argv;
#ifndef pthread_create
  return ((int*)(&pthread_create))[argc];
#else
  (void)argc;
  return 0;
#endif
}

Determining if the function pthread_create exists in the pthreads failed with the following output:
Change Dir: /home/aphilippi/Programmation/C/Mastermind/build/CMakeFiles/CMakeTmp

Run Build Command:"/usr/bin/gmake" "cmTC_e7d29/fast"
/usr/bin/gmake -f CMakeFiles/cmTC_e7d29.dir/build.make CMakeFiles/cmTC_e7d29.dir/build
gmake[1]: Entering directory '/home/aphilippi/Programmation/C/Mastermind/build/CMakeFiles/CMakeTmp'
Building C object CMakeFiles/cmTC_e7d29.dir/CheckFunctionExists.c.o
/usr/bin/cc   -DCHECK_FUNCTION_EXISTS=pthread_create   -o CMakeFiles/cmTC_e7d29.dir/CheckFunctionExists.c.o   -c /usr/share/cmake/Modules/CheckFunctionExists.c
Linking C executable cmTC_e7d29
/usr/bin/cmake -E cmake_link_script CMakeFiles/cmTC_e7d29.dir/link.txt --verbose=1
/usr/bin/cc   -DCHECK_FUNCTION_EXISTS=pthread_create    CMakeFiles/cmTC_e7d29.dir/CheckFunctionExists.c.o  -o cmTC_e7d29 -rdynamic -lpthreads 
/usr/bin/ld: ne peut trouver -lpthreads
collect2: erreur: ld a retourné 1 code d'état d'exécution
CMakeFiles/cmTC_e7d29.dir/build.make:97: recipe for target 'cmTC_e7d29' failed
gmake[1]: Leaving directory '/home/aphilippi/Programmation/C/Mastermind/build/CMakeFiles/CMakeTmp'
gmake[1]: *** [cmTC_e7d29] Error 1
Makefile:126: recipe for target 'cmTC_e7d29/fast' failed
gmake: *** [cmTC_e7d29/fast] Error 2


